c:\users\admin\source\repos\cryptography\spz_kurs\spz_kurs\x64\debug\vc143.pdb
c:\users\admin\source\repos\cryptography\spz_kurs\spz_kurs\x64\debug\.netframework,version=v4.7.2.assemblyattributes.obj
c:\users\admin\source\repos\cryptography\spz_kurs\spz_kurs\x64\debug\transposition.obj
c:\users\admin\source\repos\cryptography\spz_kurs\spz_kurs\x64\debug\myform.obj
c:\users\admin\source\repos\cryptography\spz_kurs\spz_kurs\x64\debug\functions.obj
c:\users\admin\source\repos\cryptography\spz_kurs\spz_kurs\x64\debug\feistel.obj
c:\users\admin\source\repos\cryptography\spz_kurs\spz_kurs\x64\debug\encrypt.obj
c:\users\admin\source\repos\cryptography\spz_kurs\spz_kurs\x64\debug\decrypt.obj
c:\users\admin\source\repos\cryptography\spz_kurs\x64\debug\spz_kurs.exe
c:\users\admin\source\repos\cryptography\spz_kurs\spz_kurs\x64\debug\spz_kurs.vcxproj.assemblyreference.cache
c:\users\admin\source\repos\cryptography\spz_kurs\spz_kurs\x64\debug\spz_kurs.vcxproj.generateresource.cache
c:\users\admin\source\repos\cryptography\spz_kurs\spz_kurs\x64\debug\spz_kurs.vcxproj.suggestedbindingredirects.cache
c:\users\admin\source\repos\cryptography\spz_kurs\spz_kurs\x64\debug\spzkurs.encrypt.resources
c:\users\admin\source\repos\cryptography\spz_kurs\spz_kurs\x64\debug\spzkurs.myform.resources
c:\users\admin\source\repos\cryptography\spz_kurs\x64\debug\spz_kurs.pdb
c:\users\admin\source\repos\cryptography\spz_kurs\spz_kurs\x64\debug\spz_kurs.tlog\cl.command.1.tlog
c:\users\admin\source\repos\cryptography\spz_kurs\spz_kurs\x64\debug\spz_kurs.tlog\cl.read.1.tlog
c:\users\admin\source\repos\cryptography\spz_kurs\spz_kurs\x64\debug\spz_kurs.tlog\cl.write.1.tlog
c:\users\admin\source\repos\cryptography\spz_kurs\spz_kurs\x64\debug\spz_kurs.tlog\link.16668-cvtres.read.1.tlog
c:\users\admin\source\repos\cryptography\spz_kurs\spz_kurs\x64\debug\spz_kurs.tlog\link.16668-cvtres.write.1.tlog
c:\users\admin\source\repos\cryptography\spz_kurs\spz_kurs\x64\debug\spz_kurs.tlog\link.16668-rc.read.1.tlog
c:\users\admin\source\repos\cryptography\spz_kurs\spz_kurs\x64\debug\spz_kurs.tlog\link.16668-rc.write.1.tlog
c:\users\admin\source\repos\cryptography\spz_kurs\spz_kurs\x64\debug\spz_kurs.tlog\link.16668.read.1.tlog
c:\users\admin\source\repos\cryptography\spz_kurs\spz_kurs\x64\debug\spz_kurs.tlog\link.16668.read.2.tlog
c:\users\admin\source\repos\cryptography\spz_kurs\spz_kurs\x64\debug\spz_kurs.tlog\link.16668.write.1.tlog
c:\users\admin\source\repos\cryptography\spz_kurs\spz_kurs\x64\debug\spz_kurs.tlog\link.20064-cvtres.read.1.tlog
c:\users\admin\source\repos\cryptography\spz_kurs\spz_kurs\x64\debug\spz_kurs.tlog\link.20064-cvtres.write.1.tlog
c:\users\admin\source\repos\cryptography\spz_kurs\spz_kurs\x64\debug\spz_kurs.tlog\link.20064-rc.read.1.tlog
c:\users\admin\source\repos\cryptography\spz_kurs\spz_kurs\x64\debug\spz_kurs.tlog\link.20064-rc.write.1.tlog
c:\users\admin\source\repos\cryptography\spz_kurs\spz_kurs\x64\debug\spz_kurs.tlog\link.20064.read.1.tlog
c:\users\admin\source\repos\cryptography\spz_kurs\spz_kurs\x64\debug\spz_kurs.tlog\link.20064.read.2.tlog
c:\users\admin\source\repos\cryptography\spz_kurs\spz_kurs\x64\debug\spz_kurs.tlog\link.20064.write.1.tlog
c:\users\admin\source\repos\cryptography\spz_kurs\spz_kurs\x64\debug\spz_kurs.tlog\link.28736-cvtres.read.1.tlog
c:\users\admin\source\repos\cryptography\spz_kurs\spz_kurs\x64\debug\spz_kurs.tlog\link.28736-cvtres.write.1.tlog
c:\users\admin\source\repos\cryptography\spz_kurs\spz_kurs\x64\debug\spz_kurs.tlog\link.28736-rc.read.1.tlog
c:\users\admin\source\repos\cryptography\spz_kurs\spz_kurs\x64\debug\spz_kurs.tlog\link.28736-rc.write.1.tlog
c:\users\admin\source\repos\cryptography\spz_kurs\spz_kurs\x64\debug\spz_kurs.tlog\link.28736.read.1.tlog
c:\users\admin\source\repos\cryptography\spz_kurs\spz_kurs\x64\debug\spz_kurs.tlog\link.28736.read.2.tlog
c:\users\admin\source\repos\cryptography\spz_kurs\spz_kurs\x64\debug\spz_kurs.tlog\link.28736.write.1.tlog
c:\users\admin\source\repos\cryptography\spz_kurs\spz_kurs\x64\debug\spz_kurs.tlog\link.29076-cvtres.read.1.tlog
c:\users\admin\source\repos\cryptography\spz_kurs\spz_kurs\x64\debug\spz_kurs.tlog\link.29076-cvtres.write.1.tlog
c:\users\admin\source\repos\cryptography\spz_kurs\spz_kurs\x64\debug\spz_kurs.tlog\link.29076-rc.read.1.tlog
c:\users\admin\source\repos\cryptography\spz_kurs\spz_kurs\x64\debug\spz_kurs.tlog\link.29076-rc.write.1.tlog
c:\users\admin\source\repos\cryptography\spz_kurs\spz_kurs\x64\debug\spz_kurs.tlog\link.29076.read.1.tlog
c:\users\admin\source\repos\cryptography\spz_kurs\spz_kurs\x64\debug\spz_kurs.tlog\link.29076.read.2.tlog
c:\users\admin\source\repos\cryptography\spz_kurs\spz_kurs\x64\debug\spz_kurs.tlog\link.29076.write.1.tlog
c:\users\admin\source\repos\cryptography\spz_kurs\spz_kurs\x64\debug\spz_kurs.tlog\link.command.1.tlog
c:\users\admin\source\repos\cryptography\spz_kurs\spz_kurs\x64\debug\spz_kurs.tlog\link.read.1.tlog
c:\users\admin\source\repos\cryptography\spz_kurs\spz_kurs\x64\debug\spz_kurs.tlog\link.read.2.tlog
c:\users\admin\source\repos\cryptography\spz_kurs\spz_kurs\x64\debug\spz_kurs.tlog\link.write.1.tlog
c:\users\admin\source\repos\cryptography\spz_kurs\spz_kurs\x64\debug\spz_kurs.tlog\metagen.read.1.tlog
c:\users\admin\source\repos\cryptography\spz_kurs\spz_kurs\x64\debug\spz_kurs.tlog\metagen.write.1.tlog
c:\users\admin\source\repos\cryptography\spz_kurs\spz_kurs\x64\debug\spz_kurs.tlog\resgen.command.1.tlog
c:\users\admin\source\repos\cryptography\spz_kurs\spz_kurs\x64\debug\spz_kurs.tlog\resgen.read.1.tlog
c:\users\admin\source\repos\cryptography\spz_kurs\spz_kurs\x64\debug\spz_kurs.tlog\resgen.write.1.tlog
